<?xml version="1.0" encoding="UTF-8"?>
<!-- Generated by org.testng.reporters.JUnitXMLReporter -->
<testsuite ignored="4" hostname="DESKTOP-T2NFMNH" failures="0" tests="3" name="Test" time="110.467" errors="0" timestamp="2021-08-27T20:33:38 IST">
  <testcase classname="com.vtiger.comcast.Leadstest.NavigateToLeadPageTest_TC01" name="NavigateToLeadPage" time="18.203"/>
  <testcase classname="com.vtiger.comcast.Leadstest.BlankFieldsAndSubmitLead" name="BlankFieldsAndSubmitLead" time="15.271"/>
  <testcase classname="com.vtiger.comcast.Leadstest.CreateLead" name="CreateLead" time="21.542"/>
  <testcase classname="com.vtiger.comcast.genericUtility.BaseClass" name="@AfterSuite configAS" time="0.0">
    <ignored/>
  </testcase> <!-- @AfterSuite configAS -->
  <testcase classname="com.vtiger.comcast.genericUtility.BaseClass" name="@AfterSuite configAS" time="0.0">
    <ignored/>
  </testcase> <!-- @AfterSuite configAS -->
  <testcase classname="com.vtiger.comcast.genericUtility.BaseClass" name="@BeforeSuite configBS" time="0.0">
    <ignored/>
  </testcase> <!-- @BeforeSuite configBS -->
  <testcase classname="com.vtiger.comcast.genericUtility.BaseClass" name="@BeforeSuite configBS" time="0.0">
    <ignored/>
  </testcase> <!-- @BeforeSuite configBS -->
</testsuite> <!-- Test -->
